Doing backup  
deleting C:\wamp64\www\phptoolset\database\dumps\despoina-20210831_08_30_01.sql 
deleting C:\wamp64\www\phptoolset\database\dumps\development_db-20210831_08_30_01.sql 
deleting C:\wamp64\www\phptoolset\database\dumps\erg3_theotokatos-20210831_08_30_01.sql 
deleting C:\wamp64\www\phptoolset\database\dumps\fcm_api-20210831_08_30_01.sql 
deleting C:\wamp64\www\phptoolset\database\dumps\fcmsoft-20210831_08_30_01.sql 
deleting C:\wamp64\www\phptoolset\database\dumps\fcmsoft_admin-20210831_08_30_01.sql 
deleting C:\wamp64\www\phptoolset\database\dumps\fcmsoft_db-20210831_08_30_01.sql 
deleting C:\wamp64\www\phptoolset\database\dumps\fightclubmanager-20210831_08_30_01.sql 
deleting C:\wamp64\www\phptoolset\database\dumps\moodle-20210831_08_30_01.sql 
deleting C:\wamp64\www\phptoolset\database\dumps\mywebshop-20210831_08_30_01.sql 
deleting C:\wamp64\www\phptoolset\database\dumps\performance-20210831_08_30_01.sql 
deleting C:\wamp64\www\phptoolset\database\dumps\portalvacation-20210831_08_30_01.sql 
deleting C:\wamp64\www\phptoolset\database\dumps\samplewebapp-20210831_08_30_01.sql 
deleting C:\wamp64\www\phptoolset\database\dumps\test-20210831_08_30_01.sql 
./despoina-20210831_08_30_01.sql deleted successful
./development_db-20210831_08_30_01.sql deleted successful
./erg3_theotokatos-20210831_08_30_01.sql deleted successful
./fcm_api-20210831_08_30_01.sql deleted successful
./fcmsoft-20210831_08_30_01.sql deleted successful
./fcmsoft_admin-20210831_08_30_01.sql deleted successful
./fcmsoft_db-20210831_08_30_01.sql deleted successful
./fightclubmanager-20210831_08_30_01.sql deleted successful
./moodle-20210831_08_30_01.sql deleted successful
./mywebshop-20210831_08_30_01.sql deleted successful
./performance-20210831_08_30_01.sql deleted successful
./portalvacation-20210831_08_30_01.sql deleted successful
./samplewebapp-20210831_08_30_01.sql deleted successful
./test-20210831_08_30_01.sql deleted successful
backing up despoina
C:\wamp64\bin\mariadb\mariadb10.4.10\bin\mysqldump --user=root --password= --result-file=C:\wamp64\www\phptoolset\database\dumps\despoina-20210831_10_20_30.sql despoina 
backing up development_db
C:\wamp64\bin\mariadb\mariadb10.4.10\bin\mysqldump --user=root --password= --result-file=C:\wamp64\www\phptoolset\database\dumps\development_db-20210831_10_20_30.sql development_db 
backing up erg3_theotokatos
C:\wamp64\bin\mariadb\mariadb10.4.10\bin\mysqldump --user=root --password= --result-file=C:\wamp64\www\phptoolset\database\dumps\erg3_theotokatos-20210831_10_20_30.sql erg3_theotokatos 
backing up fcm_api
C:\wamp64\bin\mariadb\mariadb10.4.10\bin\mysqldump --user=root --password= --result-file=C:\wamp64\www\phptoolset\database\dumps\fcm_api-20210831_10_20_30.sql fcm_api 
backing up fcmsoft
C:\wamp64\bin\mariadb\mariadb10.4.10\bin\mysqldump --user=root --password= --result-file=C:\wamp64\www\phptoolset\database\dumps\fcmsoft-20210831_10_20_30.sql fcmsoft 
backing up fcmsoft_admin
C:\wamp64\bin\mariadb\mariadb10.4.10\bin\mysqldump --user=root --password= --result-file=C:\wamp64\www\phptoolset\database\dumps\fcmsoft_admin-20210831_10_20_30.sql fcmsoft_admin 
backing up fcmsoft_db
C:\wamp64\bin\mariadb\mariadb10.4.10\bin\mysqldump --user=root --password= --result-file=C:\wamp64\www\phptoolset\database\dumps\fcmsoft_db-20210831_10_20_30.sql fcmsoft_db 
backing up fightclubmanager
C:\wamp64\bin\mariadb\mariadb10.4.10\bin\mysqldump --user=root --password= --result-file=C:\wamp64\www\phptoolset\database\dumps\fightclubmanager-20210831_10_20_30.sql fightclubmanager 
backing up information_schema
backing up moodle
C:\wamp64\bin\mariadb\mariadb10.4.10\bin\mysqldump --user=root --password= --result-file=C:\wamp64\www\phptoolset\database\dumps\moodle-20210831_10_20_30.sql moodle 
backing up mysql
backing up mywebshop
C:\wamp64\bin\mariadb\mariadb10.4.10\bin\mysqldump --user=root --password= --result-file=C:\wamp64\www\phptoolset\database\dumps\mywebshop-20210831_10_20_30.sql mywebshop 
backing up performance
C:\wamp64\bin\mariadb\mariadb10.4.10\bin\mysqldump --user=root --password= --result-file=C:\wamp64\www\phptoolset\database\dumps\performance-20210831_10_20_30.sql performance 
backing up performance_schema
backing up portalvacation
C:\wamp64\bin\mariadb\mariadb10.4.10\bin\mysqldump --user=root --password= --result-file=C:\wamp64\www\phptoolset\database\dumps\portalvacation-20210831_10_20_30.sql portalvacation 
backing up samplewebapp
C:\wamp64\bin\mariadb\mariadb10.4.10\bin\mysqldump --user=root --password= --result-file=C:\wamp64\www\phptoolset\database\dumps\samplewebapp-20210831_10_20_30.sql samplewebapp 
backing up test
C:\wamp64\bin\mariadb\mariadb10.4.10\bin\mysqldump --user=root --password= --result-file=C:\wamp64\www\phptoolset\database\dumps\test-20210831_10_20_30.sql test 
successfully uploaded C:\wamp64\www\phptoolset\database\dumps\despoina-20210831_10_20_30.sql
successfully uploaded C:\wamp64\www\phptoolset\database\dumps\development_db-20210831_10_20_30.sql
successfully uploaded C:\wamp64\www\phptoolset\database\dumps\erg3_theotokatos-20210831_10_20_30.sql
successfully uploaded C:\wamp64\www\phptoolset\database\dumps\fcm_api-20210831_10_20_30.sql
successfully uploaded C:\wamp64\www\phptoolset\database\dumps\fcmsoft-20210831_10_20_30.sql
successfully uploaded C:\wamp64\www\phptoolset\database\dumps\fcmsoft_admin-20210831_10_20_30.sql
successfully uploaded C:\wamp64\www\phptoolset\database\dumps\fcmsoft_db-20210831_10_20_30.sql
successfully uploaded C:\wamp64\www\phptoolset\database\dumps\fightclubmanager-20210831_10_20_30.sql
successfully uploaded C:\wamp64\www\phptoolset\database\dumps\moodle-20210831_10_20_30.sql
successfully uploaded C:\wamp64\www\phptoolset\database\dumps\mywebshop-20210831_10_20_30.sql
successfully uploaded C:\wamp64\www\phptoolset\database\dumps\performance-20210831_10_20_30.sql
successfully uploaded C:\wamp64\www\phptoolset\database\dumps\portalvacation-20210831_10_20_30.sql
successfully uploaded C:\wamp64\www\phptoolset\database\dumps\samplewebapp-20210831_10_20_30.sql
successfully uploaded C:\wamp64\www\phptoolset\database\dumps\test-20210831_10_20_30.sql
--------------------------end backup-----------------------
Doing backup  
deleting C:\wamp64\www\phptoolset\database\dumps\despoina-20210831_10_20_30.sql 
deleting C:\wamp64\www\phptoolset\database\dumps\development_db-20210831_10_20_30.sql 
deleting C:\wamp64\www\phptoolset\database\dumps\erg3_theotokatos-20210831_10_20_30.sql 
deleting C:\wamp64\www\phptoolset\database\dumps\fcm_api-20210831_10_20_30.sql 
deleting C:\wamp64\www\phptoolset\database\dumps\fcmsoft-20210831_10_20_30.sql 
deleting C:\wamp64\www\phptoolset\database\dumps\fcmsoft_admin-20210831_10_20_30.sql 
deleting C:\wamp64\www\phptoolset\database\dumps\fcmsoft_db-20210831_10_20_30.sql 
deleting C:\wamp64\www\phptoolset\database\dumps\fightclubmanager-20210831_10_20_30.sql 
deleting C:\wamp64\www\phptoolset\database\dumps\moodle-20210831_10_20_30.sql 
deleting C:\wamp64\www\phptoolset\database\dumps\mywebshop-20210831_10_20_30.sql 
deleting C:\wamp64\www\phptoolset\database\dumps\performance-20210831_10_20_30.sql 
deleting C:\wamp64\www\phptoolset\database\dumps\portalvacation-20210831_10_20_30.sql 
deleting C:\wamp64\www\phptoolset\database\dumps\samplewebapp-20210831_10_20_30.sql 
deleting C:\wamp64\www\phptoolset\database\dumps\test-20210831_10_20_30.sql 
backing up despoina
C:\wamp64\bin\mariadb\mariadb10.4.10\bin\mysqldump --user=root --password= --result-file=C:\wamp64\www\phptoolset\database\dumps\despoina-20210831_10_21_31.sql despoina 
backing up development_db
C:\wamp64\bin\mariadb\mariadb10.4.10\bin\mysqldump --user=root --password= --result-file=C:\wamp64\www\phptoolset\database\dumps\development_db-20210831_10_21_31.sql development_db 
backing up erg3_theotokatos
C:\wamp64\bin\mariadb\mariadb10.4.10\bin\mysqldump --user=root --password= --result-file=C:\wamp64\www\phptoolset\database\dumps\erg3_theotokatos-20210831_10_21_31.sql erg3_theotokatos 
backing up fcm_api
C:\wamp64\bin\mariadb\mariadb10.4.10\bin\mysqldump --user=root --password= --result-file=C:\wamp64\www\phptoolset\database\dumps\fcm_api-20210831_10_21_31.sql fcm_api 
backing up fcmsoft
C:\wamp64\bin\mariadb\mariadb10.4.10\bin\mysqldump --user=root --password= --result-file=C:\wamp64\www\phptoolset\database\dumps\fcmsoft-20210831_10_21_31.sql fcmsoft 
backing up fcmsoft_admin
C:\wamp64\bin\mariadb\mariadb10.4.10\bin\mysqldump --user=root --password= --result-file=C:\wamp64\www\phptoolset\database\dumps\fcmsoft_admin-20210831_10_21_31.sql fcmsoft_admin 
backing up fcmsoft_db
C:\wamp64\bin\mariadb\mariadb10.4.10\bin\mysqldump --user=root --password= --result-file=C:\wamp64\www\phptoolset\database\dumps\fcmsoft_db-20210831_10_21_31.sql fcmsoft_db 
backing up fightclubmanager
C:\wamp64\bin\mariadb\mariadb10.4.10\bin\mysqldump --user=root --password= --result-file=C:\wamp64\www\phptoolset\database\dumps\fightclubmanager-20210831_10_21_31.sql fightclubmanager 
backing up information_schema
backing up moodle
C:\wamp64\bin\mariadb\mariadb10.4.10\bin\mysqldump --user=root --password= --result-file=C:\wamp64\www\phptoolset\database\dumps\moodle-20210831_10_21_31.sql moodle 
backing up mysql
backing up mywebshop
C:\wamp64\bin\mariadb\mariadb10.4.10\bin\mysqldump --user=root --password= --result-file=C:\wamp64\www\phptoolset\database\dumps\mywebshop-20210831_10_21_31.sql mywebshop 
backing up performance
C:\wamp64\bin\mariadb\mariadb10.4.10\bin\mysqldump --user=root --password= --result-file=C:\wamp64\www\phptoolset\database\dumps\performance-20210831_10_21_31.sql performance 
backing up performance_schema
backing up portalvacation
C:\wamp64\bin\mariadb\mariadb10.4.10\bin\mysqldump --user=root --password= --result-file=C:\wamp64\www\phptoolset\database\dumps\portalvacation-20210831_10_21_31.sql portalvacation 
backing up samplewebapp
C:\wamp64\bin\mariadb\mariadb10.4.10\bin\mysqldump --user=root --password= --result-file=C:\wamp64\www\phptoolset\database\dumps\samplewebapp-20210831_10_21_31.sql samplewebapp 
backing up test
C:\wamp64\bin\mariadb\mariadb10.4.10\bin\mysqldump --user=root --password= --result-file=C:\wamp64\www\phptoolset\database\dumps\test-20210831_10_21_31.sql test 
successfully uploaded C:\wamp64\www\phptoolset\database\dumps\despoina-20210831_10_21_31.sql
successfully uploaded C:\wamp64\www\phptoolset\database\dumps\development_db-20210831_10_21_31.sql
successfully uploaded C:\wamp64\www\phptoolset\database\dumps\erg3_theotokatos-20210831_10_21_31.sql
successfully uploaded C:\wamp64\www\phptoolset\database\dumps\fcm_api-20210831_10_21_31.sql
successfully uploaded C:\wamp64\www\phptoolset\database\dumps\fcmsoft-20210831_10_21_31.sql
successfully uploaded C:\wamp64\www\phptoolset\database\dumps\fcmsoft_admin-20210831_10_21_31.sql
successfully uploaded C:\wamp64\www\phptoolset\database\dumps\fcmsoft_db-20210831_10_21_31.sql
successfully uploaded C:\wamp64\www\phptoolset\database\dumps\fightclubmanager-20210831_10_21_31.sql
successfully uploaded C:\wamp64\www\phptoolset\database\dumps\moodle-20210831_10_21_31.sql
successfully uploaded C:\wamp64\www\phptoolset\database\dumps\mywebshop-20210831_10_21_31.sql
successfully uploaded C:\wamp64\www\phptoolset\database\dumps\performance-20210831_10_21_31.sql
successfully uploaded C:\wamp64\www\phptoolset\database\dumps\portalvacation-20210831_10_21_31.sql
successfully uploaded C:\wamp64\www\phptoolset\database\dumps\samplewebapp-20210831_10_21_31.sql
successfully uploaded C:\wamp64\www\phptoolset\database\dumps\test-20210831_10_21_31.sql
--------------------------end backup-----------------------
Creating schema for despoina
C:\wamp64\bin\mariadb\mariadb10.4.10\bin\mysql -hlocalhost -uroot despoina < C:\wamp64\www\phptoolset\database\dumps\despoina-20210831_10_21_31.sql,Array,0The data from the file <b>C:\wamp64\www\phptoolset\database\dumps\despoina-20210831_10_21_31.sql</b> were successfully imported into the database <b>despoina</b>Creating schema for development_db
C:\wamp64\bin\mariadb\mariadb10.4.10\bin\mysql -hlocalhost -uroot development_db < C:\wamp64\www\phptoolset\database\dumps\development_db-20210831_10_21_31.sql,Array,0The data from the file <b>C:\wamp64\www\phptoolset\database\dumps\development_db-20210831_10_21_31.sql</b> were successfully imported into the database <b>development_db</b>Creating schema for erg3_theotokatos
C:\wamp64\bin\mariadb\mariadb10.4.10\bin\mysql -hlocalhost -uroot erg3_theotokatos < C:\wamp64\www\phptoolset\database\dumps\erg3_theotokatos-20210831_10_21_31.sql,Array,0The data from the file <b>C:\wamp64\www\phptoolset\database\dumps\erg3_theotokatos-20210831_10_21_31.sql</b> were successfully imported into the database <b>erg3_theotokatos</b>Creating schema for fcm_api
C:\wamp64\bin\mariadb\mariadb10.4.10\bin\mysql -hlocalhost -uroot fcm_api < C:\wamp64\www\phptoolset\database\dumps\fcm_api-20210831_10_21_31.sql,Array,0The data from the file <b>C:\wamp64\www\phptoolset\database\dumps\fcm_api-20210831_10_21_31.sql</b> were successfully imported into the database <b>fcm_api</b>Creating schema for fcmsoft
C:\wamp64\bin\mariadb\mariadb10.4.10\bin\mysql -hlocalhost -uroot fcmsoft < C:\wamp64\www\phptoolset\database\dumps\fcmsoft-20210831_10_21_31.sql,Array,0The data from the file <b>C:\wamp64\www\phptoolset\database\dumps\fcmsoft-20210831_10_21_31.sql</b> were successfully imported into the database <b>fcmsoft</b>Creating schema for fcmsoft_admin
C:\wamp64\bin\mariadb\mariadb10.4.10\bin\mysql -hlocalhost -uroot fcmsoft_admin < C:\wamp64\www\phptoolset\database\dumps\fcmsoft_admin-20210831_10_21_31.sql,Array,0The data from the file <b>C:\wamp64\www\phptoolset\database\dumps\fcmsoft_admin-20210831_10_21_31.sql</b> were successfully imported into the database <b>fcmsoft_admin</b>Creating schema for fcmsoft_db
C:\wamp64\bin\mariadb\mariadb10.4.10\bin\mysql -hlocalhost -uroot fcmsoft_db < C:\wamp64\www\phptoolset\database\dumps\fcmsoft_db-20210831_10_21_31.sql,Array,0The data from the file <b>C:\wamp64\www\phptoolset\database\dumps\fcmsoft_db-20210831_10_21_31.sql</b> were successfully imported into the database <b>fcmsoft_db</b>Creating schema for fightclubmanager
C:\wamp64\bin\mariadb\mariadb10.4.10\bin\mysql -hlocalhost -uroot fightclubmanager < C:\wamp64\www\phptoolset\database\dumps\fightclubmanager-20210831_10_21_31.sql,Array,0The data from the file <b>C:\wamp64\www\phptoolset\database\dumps\fightclubmanager-20210831_10_21_31.sql</b> were successfully imported into the database <b>fightclubmanager</b>Creating schema for moodle
C:\wamp64\bin\mariadb\mariadb10.4.10\bin\mysql -hlocalhost -uroot moodle < C:\wamp64\www\phptoolset\database\dumps\moodle-20210831_10_21_31.sql,Array,0The data from the file <b>C:\wamp64\www\phptoolset\database\dumps\moodle-20210831_10_21_31.sql</b> were successfully imported into the database <b>moodle</b>Creating schema for mywebshop
C:\wamp64\bin\mariadb\mariadb10.4.10\bin\mysql -hlocalhost -uroot mywebshop < C:\wamp64\www\phptoolset\database\dumps\mywebshop-20210831_10_21_31.sql,Array,0The data from the file <b>C:\wamp64\www\phptoolset\database\dumps\mywebshop-20210831_10_21_31.sql</b> were successfully imported into the database <b>mywebshop</b>Creating schema for performance
C:\wamp64\bin\mariadb\mariadb10.4.10\bin\mysql -hlocalhost -uroot performance < C:\wamp64\www\phptoolset\database\dumps\performance-20210831_10_21_31.sql,Array,0The data from the file <b>C:\wamp64\www\phptoolset\database\dumps\performance-20210831_10_21_31.sql</b> were successfully imported into the database <b>performance</b>Creating schema for portalvacation
C:\wamp64\bin\mariadb\mariadb10.4.10\bin\mysql -hlocalhost -uroot portalvacation < C:\wamp64\www\phptoolset\database\dumps\portalvacation-20210831_10_21_31.sql,Array,0The data from the file <b>C:\wamp64\www\phptoolset\database\dumps\portalvacation-20210831_10_21_31.sql</b> were successfully imported into the database <b>portalvacation</b>Creating schema for samplewebapp
C:\wamp64\bin\mariadb\mariadb10.4.10\bin\mysql -hlocalhost -uroot samplewebapp < C:\wamp64\www\phptoolset\database\dumps\samplewebapp-20210831_10_21_31.sql,Array,0The data from the file <b>C:\wamp64\www\phptoolset\database\dumps\samplewebapp-20210831_10_21_31.sql</b> were successfully imported into the database <b>samplewebapp</b>Creating schema for test
C:\wamp64\bin\mariadb\mariadb10.4.10\bin\mysql -hlocalhost -uroot test < C:\wamp64\www\phptoolset\database\dumps\test-20210831_10_21_31.sql,Array,0The data from the file <b>C:\wamp64\www\phptoolset\database\dumps\test-20210831_10_21_31.sql</b> were successfully imported into the database <b>test</b>