Doing backup  
deleting C:\xampp\htdocs\phptoolset\database\dumps\test-20210914_10_55_42.sql 
./despoina-20210914_10_55_42.sql deleted successful
./development_db-20210914_10_55_42.sql deleted successful
./erg3_theotokatos-20210914_10_55_42.sql deleted successful
./fcm_api-20210914_10_55_42.sql deleted successful
./fcmsoft-20210914_10_55_42.sql deleted successful
./fcmsoft_admin-20210914_10_55_42.sql deleted successful
./fcmsoft_db-20210914_10_55_42.sql deleted successful
./fightclubmanager-20210914_10_55_42.sql deleted successful
./kipodomi-20210914_10_55_42.sql deleted successful
./moodle-20210914_10_55_42.sql deleted successful
./mywebshop-20210914_10_55_42.sql deleted successful
./performance-20210914_10_55_42.sql deleted successful
./portalvacation-20210914_10_55_42.sql deleted successful
./samplewebapp-20210914_10_55_42.sql deleted successful
./test-20210914_10_55_42.sql deleted successful
backing up despoina
C:\xampp\mysql\bin\mysqldump --user=root --password= --result-file=C:\xampp\htdocs\phptoolset\database\dumps\despoina-20210915_12_46_25.sql despoina 
backing up development_db
C:\xampp\mysql\bin\mysqldump --user=root --password= --result-file=C:\xampp\htdocs\phptoolset\database\dumps\development_db-20210915_12_46_25.sql development_db 
backing up erg3_theotokatos
C:\xampp\mysql\bin\mysqldump --user=root --password= --result-file=C:\xampp\htdocs\phptoolset\database\dumps\erg3_theotokatos-20210915_12_46_25.sql erg3_theotokatos 
backing up fcm_api
C:\xampp\mysql\bin\mysqldump --user=root --password= --result-file=C:\xampp\htdocs\phptoolset\database\dumps\fcm_api-20210915_12_46_25.sql fcm_api 
backing up fcmsoft
C:\xampp\mysql\bin\mysqldump --user=root --password= --result-file=C:\xampp\htdocs\phptoolset\database\dumps\fcmsoft-20210915_12_46_25.sql fcmsoft 
backing up fcmsoft_admin
C:\xampp\mysql\bin\mysqldump --user=root --password= --result-file=C:\xampp\htdocs\phptoolset\database\dumps\fcmsoft_admin-20210915_12_46_25.sql fcmsoft_admin 
backing up fcmsoft_db
C:\xampp\mysql\bin\mysqldump --user=root --password= --result-file=C:\xampp\htdocs\phptoolset\database\dumps\fcmsoft_db-20210915_12_46_25.sql fcmsoft_db 
backing up fightclubmanager
C:\xampp\mysql\bin\mysqldump --user=root --password= --result-file=C:\xampp\htdocs\phptoolset\database\dumps\fightclubmanager-20210915_12_46_25.sql fightclubmanager 
backing up information_schema
backing up kipodomi
C:\xampp\mysql\bin\mysqldump --user=root --password= --result-file=C:\xampp\htdocs\phptoolset\database\dumps\kipodomi-20210915_12_46_25.sql kipodomi 
backing up moodle
C:\xampp\mysql\bin\mysqldump --user=root --password= --result-file=C:\xampp\htdocs\phptoolset\database\dumps\moodle-20210915_12_46_25.sql moodle 
backing up mysql
backing up mywebshop
C:\xampp\mysql\bin\mysqldump --user=root --password= --result-file=C:\xampp\htdocs\phptoolset\database\dumps\mywebshop-20210915_12_46_25.sql mywebshop 
backing up performance
C:\xampp\mysql\bin\mysqldump --user=root --password= --result-file=C:\xampp\htdocs\phptoolset\database\dumps\performance-20210915_12_46_25.sql performance 
backing up performance_schema
backing up phpmyadmin
C:\xampp\mysql\bin\mysqldump --user=root --password= --result-file=C:\xampp\htdocs\phptoolset\database\dumps\phpmyadmin-20210915_12_46_25.sql phpmyadmin 
backing up portalvacation
C:\xampp\mysql\bin\mysqldump --user=root --password= --result-file=C:\xampp\htdocs\phptoolset\database\dumps\portalvacation-20210915_12_46_25.sql portalvacation 
backing up samplewebapp
C:\xampp\mysql\bin\mysqldump --user=root --password= --result-file=C:\xampp\htdocs\phptoolset\database\dumps\samplewebapp-20210915_12_46_25.sql samplewebapp 
backing up test
C:\xampp\mysql\bin\mysqldump --user=root --password= --result-file=C:\xampp\htdocs\phptoolset\database\dumps\test-20210915_12_46_25.sql test 
successfully uploaded C:\xampp\htdocs\phptoolset\database\dumps\despoina-20210915_12_46_25.sql
successfully uploaded C:\xampp\htdocs\phptoolset\database\dumps\development_db-20210915_12_46_25.sql
successfully uploaded C:\xampp\htdocs\phptoolset\database\dumps\erg3_theotokatos-20210915_12_46_25.sql
successfully uploaded C:\xampp\htdocs\phptoolset\database\dumps\fcm_api-20210915_12_46_25.sql
successfully uploaded C:\xampp\htdocs\phptoolset\database\dumps\fcmsoft-20210915_12_46_25.sql
successfully uploaded C:\xampp\htdocs\phptoolset\database\dumps\fcmsoft_admin-20210915_12_46_25.sql
successfully uploaded C:\xampp\htdocs\phptoolset\database\dumps\fcmsoft_db-20210915_12_46_25.sql
successfully uploaded C:\xampp\htdocs\phptoolset\database\dumps\fightclubmanager-20210915_12_46_25.sql
successfully uploaded C:\xampp\htdocs\phptoolset\database\dumps\kipodomi-20210915_12_46_25.sql
successfully uploaded C:\xampp\htdocs\phptoolset\database\dumps\moodle-20210915_12_46_25.sql
successfully uploaded C:\xampp\htdocs\phptoolset\database\dumps\mywebshop-20210915_12_46_25.sql
successfully uploaded C:\xampp\htdocs\phptoolset\database\dumps\performance-20210915_12_46_25.sql
successfully uploaded C:\xampp\htdocs\phptoolset\database\dumps\phpmyadmin-20210915_12_46_25.sql
successfully uploaded C:\xampp\htdocs\phptoolset\database\dumps\portalvacation-20210915_12_46_25.sql
successfully uploaded C:\xampp\htdocs\phptoolset\database\dumps\samplewebapp-20210915_12_46_25.sql
successfully uploaded C:\xampp\htdocs\phptoolset\database\dumps\test-20210915_12_46_25.sql
--------------------------end backup-----------------------
